<?xml version="1.0" encoding="UTF-8"?>
<testng-results ignored="0" total="1" passed="1" failed="0" skipped="0">
  <reporter-output>
  </reporter-output>
  <suite started-at="2023-12-08T11:23:26 IST" name="Default suite" finished-at="2023-12-08T11:23:26 IST" duration-ms="45">
    <groups>
    </groups>
    <test started-at="2023-12-08T11:23:26 IST" name="Default test" finished-at="2023-12-08T11:23:26 IST" duration-ms="45">
      <class name="program.Programtwo">
        <test-method is-config="true" signature="beforeTest()[pri:0, instance:program.Programtwo@6babf3bf]" started-at="2023-12-08T11:23:26 IST" name="beforeTest" finished-at="2023-12-08T11:23:26 IST" duration-ms="7" status="PASS">
          <reporter-output>
          </reporter-output>
        </test-method> <!-- beforeTest -->
        <test-method signature="f()[pri:0, instance:program.Programtwo@6babf3bf]" started-at="2023-12-08T11:23:26 IST" name="f" finished-at="2023-12-08T11:23:26 IST" duration-ms="4" status="PASS">
          <reporter-output>
          </reporter-output>
        </test-method> <!-- f -->
        <test-method is-config="true" signature="afterTest()[pri:0, instance:program.Programtwo@6babf3bf]" started-at="2023-12-08T11:23:26 IST" name="afterTest" finished-at="2023-12-08T11:23:26 IST" duration-ms="0" status="PASS">
          <reporter-output>
          </reporter-output>
        </test-method> <!-- afterTest -->
      </class> <!-- program.Programtwo -->
    </test> <!-- Default test -->
  </suite> <!-- Default suite -->
</testng-results>
